<?xml version="1.0" encoding="UTF-8"?>
<!-- Generated by org.testng.reporters.JUnitXMLReporter -->
<testsuite ignored="0" hostname="DESKTOP-6VDSDNJ" failures="1" tests="1" name="Test1" time="83.689" errors="0" timestamp="2022-12-13T10:07:46 IST">
  <testcase classname="com.ecommerce.myaddress.MerchantLoginTest" name="MerchantAddingProduct" time="2.533">
    <failure type="java.lang.AssertionError" message="null">
      <![CDATA[java.lang.AssertionError: null
at com.ecommerce.myaddress.MerchantLoginTest.MerchantAddingProduct(MerchantLoginTest.java:74)
at java.base/java.util.ArrayList.forEach(ArrayList.java:1511)
at java.base/java.util.concurrent.FutureTask.run(FutureTask.java:264)
at java.base/java.util.concurrent.ThreadPoolExecutor.runWorker(ThreadPoolExecutor.java:1136)
at java.base/java.util.concurrent.ThreadPoolExecutor$Worker.run(ThreadPoolExecutor.java:635)
at java.base/java.lang.Thread.run(Thread.java:833)
... Removed 20 stack frames]]>
    </failure>
  </testcase> <!-- MerchantAddingProduct -->
</testsuite> <!-- Test1 -->
